#
# There is insufficient memory for the Java Runtime Environment to continue.
# Native memory allocation (mmap) failed to map 134217728 bytes for Failed to commit area from 0x0000000081c00000 to 0x0000000089c00000 of length 134217728.
# Possible reasons:
#   The system is out of physical RAM or swap space
#   The process is running with CompressedOops enabled, and the Java Heap may be blocking the growth of the native heap
# Possible solutions:
#   Reduce memory load on the system
#   Increase physical memory or swap space
#   Check if swap backing store is full
#   Decrease Java heap size (-Xmx/-Xms)
#   Decrease number of Java threads
#   Decrease Java thread stack sizes (-Xss)
#   Set larger code cache with -XX:ReservedCodeCacheSize=
# This output file may be truncated or incomplete.
#
#  Out of Memory Error (c:/BuildAgent/work/64e6ab55ab19e5a9/src/hotspot/os/windows/os_windows.cpp:3272), pid=14948, tid=14612
#
# JRE version:  (11.0.2+9) (build )
# Java VM: OpenJDK 64-Bit Server VM (11.0.2+9-b159.56, mixed mode, aot, sharing, tiered, compressed oops, g1 gc, windows-amd64)
# No core dump will be written. Minidumps are not enabled by default on client versions of Windows
#

---------------  S U M M A R Y ------------

Command Line: org.jetbrains.git4idea.http.GitAskPassApp Username for 'https://github.com': 

Host: Intel(R) Pentium(R) CPU G4400 @ 3.30GHz, 2 cores, 7G,  Windows 10 , 64 bit Build 14393 (10.0.14393.0)
Time: Wed Feb 19 16:33:53 2020 ?D1¨²¡À¨º¡Á?¨º¡À?? elapsed time: 0 seconds (0d 0h 0m 0s)

---------------  T H R E A D  ---------------

Current thread (0x00000163cec38000):  JavaThread "Unknown thread" [_thread_in_vm, id=14612, stack(0x0000002530000000,0x0000002530100000)]

Stack: [0x0000002530000000,0x0000002530100000]
Native frames: (J=compiled Java code, j=interpreted, Vv=VM code, C=native code)
V  [jvm.dll+0x5da82a]
V  [jvm.dll+0x70b6c9]
V  [jvm.dll+0x70cbe8]
V  [jvm.dll+0x70d2b3]
V  [jvm.dll+0x240f18]
V  [jvm.dll+0x5d7fc4]
V  [jvm.dll+0x5cd115]
V  [jvm.dll+0x2fa5eb]
V  [jvm.dll+0x2fa55a]
V  [jvm.dll+0x2fa432]
V  [jvm.dll+0x2ff316]
V  [jvm.dll+0x347993]
V  [jvm.dll+0x348096]
V  [jvm.dll+0x347a93]
V  [jvm.dll+0x2d5588]
V  [jvm.dll+0x2d66c7]
V  [jvm.dll+0x6eaac7]
V  [jvm.dll+0x6ec22c]
V  [jvm.dll+0x3551c9]
V  [jvm.dll+0x6d274e]
V  [jvm.dll+0x3bd953]
V  [jvm.dll+0x3bfcc1]
C  [java.exe+0x3763]
C  [java.exe+0x17a0c]
C  [KERNEL32.DLL+0x8364]
C  [ntdll.dll+0x670d1]


---------------  P R O C E S S  ---------------

Threads class SMR info:
_java_thread_list=0x00000163cd403580, length=0, elements={
}

Java Threads: ( => current thread )

Other Threads:
  0x00000163cec4e000 GCTaskThread "GC Thread#0" [stack: 0x0000002530100000,0x0000002530200000] [id=13820]
  0x00000163cec80800 ConcurrentGCThread "G1 Main Marker" [stack: 0x0000002530200000,0x0000002530300000] [id=13984]
  0x00000163cec82000 ConcurrentGCThread "G1 Conc#0" [stack: 0x0000002530300000,0x0000002530400000] [id=14048]

[error occurred during error reporting (printing all threads), id 0xc0000005, EXCEPTION_ACCESS_VIOLATION (0xc0000005) at pc=0x00007ffff0835687]

VM state:not at safepoint (not fully initialized)

VM Mutex/Monitor currently owned by a thread:  ([mutex/lock_event])
[0x00000163cec37560] Heap_lock - owner thread: 0x00000163cec38000

Heap address: 0x0000000081c00000, size: 2020 MB, Compressed Oops mode: Non-zero based: 0x0000000081c00000
Narrow klass base: 0x0000000000000000, Narrow klass shift: 0

GC Heap History (0 events):
No events

Deoptimization events (0 events):
No events

Classes redefined (0 events):
No events

Internal exceptions (0 events):
No events

Events (0 events):
No events


Dynamic libraries:
0x00007ff6ca120000 - 0x00007ff6ca167000 	E:\Python\jre64\bin\java.exe
0x00007ff819d30000 - 0x00007ff819f01000 	C:\Windows\SYSTEM32\ntdll.dll
0x00007ff819a10000 - 0x00007ff819abb000 	C:\Windows\System32\KERNEL32.DLL
0x00007ff817030000 - 0x00007ff81724d000 	C:\Windows\System32\KERNELBASE.dll
0x00007ff818b50000 - 0x00007ff818cb5000 	C:\Windows\System32\USER32.dll
0x00007ff816e80000 - 0x00007ff816e9e000 	C:\Windows\System32\win32u.dll
0x00007ff818d00000 - 0x00007ff818d34000 	C:\Windows\System32\GDI32.dll
0x00007ff816ea0000 - 0x00007ff817022000 	C:\Windows\System32\gdi32full.dll
0x00007ff8076a0000 - 0x00007ff807919000 	C:\Windows\WinSxS\amd64_microsoft.windows.common-controls_6595b64144ccf1df_6.0.14393.447_none_42191651c6827bb3\COMCTL32.dll
0x00007ff817500000 - 0x00007ff81759e000 	C:\Windows\System32\msvcrt.dll
0x00007ff819170000 - 0x00007ff819438000 	C:\Windows\System32\combase.dll
0x00007ff816a50000 - 0x00007ff816b45000 	C:\Windows\System32\ucrtbase.dll
0x00007ff8172c0000 - 0x00007ff8173e1000 	C:\Windows\System32\RPCRT4.dll
0x00007ff817250000 - 0x00007ff8172ba000 	C:\Windows\System32\bcryptPrimitives.dll
0x00007ff818cc0000 - 0x00007ff818cee000 	C:\Windows\System32\IMM32.DLL
0x00007ff804a70000 - 0x00007ff804a87000 	E:\Python\jre64\bin\vcruntime140.dll
0x00007ffffea20000 - 0x00007ffffeabd000 	E:\Python\jre64\bin\msvcp140.dll
0x00007ffff0550000 - 0x00007ffff1006000 	E:\Python\jre64\bin\server\jvm.dll
0x00007ff819b40000 - 0x00007ff819be2000 	C:\Windows\System32\ADVAPI32.dll
0x00007ff819110000 - 0x00007ff819169000 	C:\Windows\System32\sechost.dll
0x00007ff8174f0000 - 0x00007ff8174f8000 	C:\Windows\System32\PSAPI.DLL
0x00007ff804a50000 - 0x00007ff804a59000 	C:\Windows\SYSTEM32\WSOCK32.dll
0x00007ff814520000 - 0x00007ff814543000 	C:\Windows\SYSTEM32\WINMM.dll
0x00007ff812300000 - 0x00007ff81230a000 	C:\Windows\SYSTEM32\VERSION.dll
0x00007ff819870000 - 0x00007ff8198da000 	C:\Windows\System32\WS2_32.dll
0x00007ff814080000 - 0x00007ff8140ab000 	C:\Windows\SYSTEM32\WINMMBASE.dll
0x00007ff816320000 - 0x00007ff816362000 	C:\Windows\System32\cfgmgr32.dll
0x00007ff816210000 - 0x00007ff81621f000 	C:\Windows\System32\kernel.appcore.dll
0x00007ff804a30000 - 0x00007ff804a41000 	E:\Python\jre64\bin\verify.dll
0x00007ff806b30000 - 0x00007ff806cc2000 	C:\Windows\SYSTEM32\DBGHELP.DLL
0x00007ff806f70000 - 0x00007ff806f99000 	C:\Windows\SYSTEM32\dbgcore.DLL
0x00007ff8045e0000 - 0x00007ff804609000 	E:\Python\jre64\bin\java.dll
0x00007ff8045c0000 - 0x00007ff8045d7000 	E:\Python\jre64\bin\zip.dll
0x00007ff806f60000 - 0x00007ff806f6b000 	E:\Python\jre64\bin\jimage.dll

dbghelp: loaded successfully - version: 4.0.5 - missing functions: none
symbol engine: initialized successfully - sym options: 0x614 - pdb path: .;E:\Python\jre64\bin;C:\Windows\SYSTEM32;C:\Windows\WinSxS\amd64_microsoft.windows.common-controls_6595b64144ccf1df_6.0.14393.447_none_42191651c6827bb3;E:\Python\jre64\bin\server

VM Arguments:
java_command: org.jetbrains.git4idea.http.GitAskPassApp Username for 'https://github.com': 
java_class_path (initial): E:/Python/plugins/git4idea/lib/git4idea-rt.jar;E:/Python/lib/xmlrpc-2.0.1.jar;E:/Python/lib/commons-codec-1.10.jar;E:/Python/lib/util.jar
Launcher Type: SUN_STANDARD

[Global flags]
     intx CICompilerCount                          = 2                                         {product} {ergonomic}
     uint ConcGCThreads                            = 1                                         {product} {ergonomic}
     uint G1ConcRefinementThreads                  = 2                                         {product} {ergonomic}
   size_t G1HeapRegionSize                         = 1048576                                   {product} {ergonomic}
    uintx GCDrainStackTargetSize                   = 64                                        {product} {ergonomic}
   size_t InitialHeapSize                          = 134217728                                 {product} {ergonomic}
   size_t MarkStackSize                            = 4194304                                   {product} {ergonomic}
   size_t MaxHeapSize                              = 2118123520                                {product} {ergonomic}
   size_t MinHeapDeltaBytes                        = 1048576                                   {product} {ergonomic}
    uintx NonNMethodCodeHeapSize                   = 5824844                                {pd product} {ergonomic}
    uintx NonProfiledCodeHeapSize                  = 122916698                              {pd product} {ergonomic}
    uintx ProfiledCodeHeapSize                     = 122916698                              {pd product} {ergonomic}
    uintx ReservedCodeCacheSize                    = 251658240                              {pd product} {ergonomic}
     bool SegmentedCodeCache                       = true                                      {product} {ergonomic}
     bool UseCompressedClassPointers               = true                                 {lp64_product} {ergonomic}
     bool UseCompressedOops                        = true                                 {lp64_product} {ergonomic}
     bool UseG1GC                                  = true                                      {product} {ergonomic}
     bool UseLargePagesIndividualAllocation        = false                                  {pd product} {ergonomic}

Logging:
Log output configuration:
 #0: stdout all=warning uptime,level,tags
 #1: stderr all=off uptime,level,tags

Environment Variables:
PATH=C:/Program Files/Git/mingw64/libexec/git-core;C:/Program Files/Git/mingw64/libexec/git-core;C:\Program Files\Git\mingw64\bin;C:\Program Files\Git\usr\bin;C:\Users\Administrator\bin;E:\Python368\Scripts\;E:\Python368\;C:\Program Files (x86)\Intel\iCLS Client\;C:\Program Files\Intel\iCLS Client\;C:\Windows\system32;C:\Windows;C:\Windows\System32\Wbem;C:\Windows\System32\WindowsPowerShell\v1.0\;C:\Program Files (x86)\Intel\Intel(R) Management Engine Components\DAL;C:\Program Files\Intel\Intel(R) Management Engine Components\DAL;C:\Program Files (x86)\Intel\Intel(R) Management Engine Components\IPT;C:\Program Files\Intel\Intel(R) Management Engine Components\IPT;C:\Program Files (x86)\NVIDIA Corporation\PhysX\Common;C:\Program Files\Git\cmd;C:\Users\Administrator\AppData\Local\Microsoft\WindowsApps;
USERNAME=Administrator
DISPLAY=:0.0
OS=Windows_NT
PROCESSOR_IDENTIFIER=Intel64 Family 6 Model 94 Stepping 3, GenuineIntel



---------------  S Y S T E M  ---------------

OS: Windows 10 , 64 bit Build 14393 (10.0.14393.0)

CPU:total 2 (initial active 2) (2 cores per cpu, 1 threads per core) family 6 model 94 stepping 3, cmov, cx8, fxsr, mmx, sse, sse2, sse3, ssse3, sse4.1, sse4.2, popcnt, aes, clmul, erms, 3dnowpref, lzcnt, tsc, tscinvbit

Memory: 4k page, system-wide physical 8078M (1012M free)
TotalPageFile size 8078M (AvailPageFile size 66M)
current process WorkingSet (physical memory assigned to process): 9M, peak: 9M
current process commit charge ("private bytes"): 47M, peak: 175M

vm_info: OpenJDK 64-Bit Server VM (11.0.2+9-b159.56) for windows-amd64 JRE (11.0.2+9-b159.56), built on Apr 30 2019 15:48:48 by "" with MS VC++ 14.0 (VS2015)

END.
